<?xml version="1.0" encoding="UTF-8"?>
<!-- Generated by org.testng.reporters.JUnitReportReporter -->
<testsuite hostname="HP-PC" name="com.POM.NewToursHomePageTesting" tests="1" failures="0" timestamp="11 Apr 2018 12:13:51 GMT" time="74.389" errors="0">
  <testcase name="HomePageTesting" time="74.389" classname="com.POM.NewToursHomePageTesting"/>
</testsuite> <!-- com.POM.NewToursHomePageTesting -->
