<?xml version="1.0" encoding="UTF-8"?>
<!-- Generated by org.testng.reporters.JUnitReportReporter -->
<testsuite hostname="HP-PC" name="com.GridTesting.NewToursLogInTest" tests="2" failures="0" timestamp="17 Apr 2018 07:39:57 GMT" time="111.636" errors="0">
  <testcase name="LogIn" time="55.748" classname="com.GridTesting.NewToursLogInTest"/>
  <testcase name="LogIn" time="55.888" classname="com.GridTesting.NewToursLogInTest"/>
</testsuite> <!-- com.GridTesting.NewToursLogInTest -->
